srun: Warning: can't honor --ntasks-per-node set to 36 which doesn't match the requested tasks 48 with the number of requested nodes 2. Ignoring --ntasks-per-node.
srun: Warning: can't honor --ntasks-per-node set to 36 which doesn't match the requested tasks 48 with the number of requested nodes 2. Ignoring --ntasks-per-node.
srun: Warning: can't honor --ntasks-per-node set to 36 which doesn't match the requested tasks 48 with the number of requested nodes 2. Ignoring --ntasks-per-node.
srun: Warning: can't honor --ntasks-per-node set to 36 which doesn't match the requested tasks 48 with the number of requested nodes 2. Ignoring --ntasks-per-node.
srun: Warning: can't honor --ntasks-per-node set to 36 which doesn't match the requested tasks 48 with the number of requested nodes 2. Ignoring --ntasks-per-node.
srun: Warning: can't honor --ntasks-per-node set to 36 which doesn't match the requested tasks 48 with the number of requested nodes 2. Ignoring --ntasks-per-node.
srun: Warning: can't honor --ntasks-per-node set to 36 which doesn't match the requested tasks 48 with the number of requested nodes 2. Ignoring --ntasks-per-node.
srun: Warning: can't honor --ntasks-per-node set to 36 which doesn't match the requested tasks 48 with the number of requested nodes 2. Ignoring --ntasks-per-node.
srun: Warning: can't honor --ntasks-per-node set to 36 which doesn't match the requested tasks 48 with the number of requested nodes 2. Ignoring --ntasks-per-node.
srun: Warning: can't honor --ntasks-per-node set to 36 which doesn't match the requested tasks 48 with the number of requested nodes 2. Ignoring --ntasks-per-node.
srun: Warning: can't honor --ntasks-per-node set to 36 which doesn't match the requested tasks 48 with the number of requested nodes 2. Ignoring --ntasks-per-node.
srun: Warning: can't honor --ntasks-per-node set to 36 which doesn't match the requested tasks 48 with the number of requested nodes 2. Ignoring --ntasks-per-node.
srun: Warning: can't honor --ntasks-per-node set to 36 which doesn't match the requested tasks 48 with the number of requested nodes 2. Ignoring --ntasks-per-node.
srun: Warning: can't honor --ntasks-per-node set to 36 which doesn't match the requested tasks 48 with the number of requested nodes 2. Ignoring --ntasks-per-node.
srun: Warning: can't honor --ntasks-per-node set to 36 which doesn't match the requested tasks 48 with the number of requested nodes 2. Ignoring --ntasks-per-node.
srun: Warning: can't honor --ntasks-per-node set to 36 which doesn't match the requested tasks 48 with the number of requested nodes 2. Ignoring --ntasks-per-node.
srun: Warning: can't honor --ntasks-per-node set to 36 which doesn't match the requested tasks 48 with the number of requested nodes 2. Ignoring --ntasks-per-node.
srun: Warning: can't honor --ntasks-per-node set to 36 which doesn't match the requested tasks 48 with the number of requested nodes 2. Ignoring --ntasks-per-node.
srun: Warning: can't honor --ntasks-per-node set to 36 which doesn't match the requested tasks 48 with the number of requested nodes 2. Ignoring --ntasks-per-node.
srun: Warning: can't honor --ntasks-per-node set to 36 which doesn't match the requested tasks 48 with the number of requested nodes 2. Ignoring --ntasks-per-node.
srun: Warning: can't honor --ntasks-per-node set to 36 which doesn't match the requested tasks 48 with the number of requested nodes 2. Ignoring --ntasks-per-node.
srun: Warning: can't honor --ntasks-per-node set to 36 which doesn't match the requested tasks 48 with the number of requested nodes 2. Ignoring --ntasks-per-node.
srun: Warning: can't honor --ntasks-per-node set to 36 which doesn't match the requested tasks 48 with the number of requested nodes 2. Ignoring --ntasks-per-node.
srun: Warning: can't honor --ntasks-per-node set to 36 which doesn't match the requested tasks 48 with the number of requested nodes 2. Ignoring --ntasks-per-node.
srun: Warning: can't honor --ntasks-per-node set to 36 which doesn't match the requested tasks 64 with the number of requested nodes 2. Ignoring --ntasks-per-node.
srun: Warning: can't honor --ntasks-per-node set to 36 which doesn't match the requested tasks 64 with the number of requested nodes 2. Ignoring --ntasks-per-node.
srun: Warning: can't honor --ntasks-per-node set to 36 which doesn't match the requested tasks 64 with the number of requested nodes 2. Ignoring --ntasks-per-node.
srun: Warning: can't honor --ntasks-per-node set to 36 which doesn't match the requested tasks 64 with the number of requested nodes 2. Ignoring --ntasks-per-node.
srun: Warning: can't honor --ntasks-per-node set to 36 which doesn't match the requested tasks 64 with the number of requested nodes 2. Ignoring --ntasks-per-node.
srun: Warning: can't honor --ntasks-per-node set to 36 which doesn't match the requested tasks 64 with the number of requested nodes 2. Ignoring --ntasks-per-node.
srun: Warning: can't honor --ntasks-per-node set to 36 which doesn't match the requested tasks 64 with the number of requested nodes 2. Ignoring --ntasks-per-node.
srun: Warning: can't honor --ntasks-per-node set to 36 which doesn't match the requested tasks 64 with the number of requested nodes 2. Ignoring --ntasks-per-node.
srun: Warning: can't honor --ntasks-per-node set to 36 which doesn't match the requested tasks 64 with the number of requested nodes 2. Ignoring --ntasks-per-node.
srun: Warning: can't honor --ntasks-per-node set to 36 which doesn't match the requested tasks 64 with the number of requested nodes 2. Ignoring --ntasks-per-node.
srun: Warning: can't honor --ntasks-per-node set to 36 which doesn't match the requested tasks 64 with the number of requested nodes 2. Ignoring --ntasks-per-node.
srun: Warning: can't honor --ntasks-per-node set to 36 which doesn't match the requested tasks 64 with the number of requested nodes 2. Ignoring --ntasks-per-node.
srun: Warning: can't honor --ntasks-per-node set to 36 which doesn't match the requested tasks 64 with the number of requested nodes 2. Ignoring --ntasks-per-node.
srun: Warning: can't honor --ntasks-per-node set to 36 which doesn't match the requested tasks 64 with the number of requested nodes 2. Ignoring --ntasks-per-node.
srun: Warning: can't honor --ntasks-per-node set to 36 which doesn't match the requested tasks 64 with the number of requested nodes 2. Ignoring --ntasks-per-node.
srun: Warning: can't honor --ntasks-per-node set to 36 which doesn't match the requested tasks 64 with the number of requested nodes 2. Ignoring --ntasks-per-node.
srun: Warning: can't honor --ntasks-per-node set to 36 which doesn't match the requested tasks 64 with the number of requested nodes 2. Ignoring --ntasks-per-node.
srun: Warning: can't honor --ntasks-per-node set to 36 which doesn't match the requested tasks 64 with the number of requested nodes 2. Ignoring --ntasks-per-node.
srun: Warning: can't honor --ntasks-per-node set to 36 which doesn't match the requested tasks 64 with the number of requested nodes 2. Ignoring --ntasks-per-node.
srun: Warning: can't honor --ntasks-per-node set to 36 which doesn't match the requested tasks 64 with the number of requested nodes 2. Ignoring --ntasks-per-node.
srun: Warning: can't honor --ntasks-per-node set to 36 which doesn't match the requested tasks 64 with the number of requested nodes 2. Ignoring --ntasks-per-node.
srun: Warning: can't honor --ntasks-per-node set to 36 which doesn't match the requested tasks 64 with the number of requested nodes 2. Ignoring --ntasks-per-node.
srun: Warning: can't honor --ntasks-per-node set to 36 which doesn't match the requested tasks 64 with the number of requested nodes 2. Ignoring --ntasks-per-node.
srun: Warning: can't honor --ntasks-per-node set to 36 which doesn't match the requested tasks 64 with the number of requested nodes 2. Ignoring --ntasks-per-node.
srun: Warning: can't honor --ntasks-per-node set to 36 which doesn't match the requested tasks 96 with the number of requested nodes 3. Ignoring --ntasks-per-node.
srun: Job 3663096 step creation temporarily disabled, retrying (Requested nodes are busy)
srun: Step created for job 3663096
srun: Warning: can't honor --ntasks-per-node set to 36 which doesn't match the requested tasks 96 with the number of requested nodes 3. Ignoring --ntasks-per-node.
srun: Warning: can't honor --ntasks-per-node set to 36 which doesn't match the requested tasks 96 with the number of requested nodes 3. Ignoring --ntasks-per-node.
srun: Job 3663096 step creation temporarily disabled, retrying (Requested nodes are busy)
srun: Step created for job 3663096
srun: Warning: can't honor --ntasks-per-node set to 36 which doesn't match the requested tasks 96 with the number of requested nodes 3. Ignoring --ntasks-per-node.
srun: Job 3663096 step creation temporarily disabled, retrying (Requested nodes are busy)
srun: Step created for job 3663096
srun: Warning: can't honor --ntasks-per-node set to 36 which doesn't match the requested tasks 96 with the number of requested nodes 3. Ignoring --ntasks-per-node.
srun: Warning: can't honor --ntasks-per-node set to 36 which doesn't match the requested tasks 96 with the number of requested nodes 3. Ignoring --ntasks-per-node.
srun: Warning: can't honor --ntasks-per-node set to 36 which doesn't match the requested tasks 96 with the number of requested nodes 3. Ignoring --ntasks-per-node.
srun: Warning: can't honor --ntasks-per-node set to 36 which doesn't match the requested tasks 96 with the number of requested nodes 3. Ignoring --ntasks-per-node.
srun: Warning: can't honor --ntasks-per-node set to 36 which doesn't match the requested tasks 96 with the number of requested nodes 3. Ignoring --ntasks-per-node.
srun: Warning: can't honor --ntasks-per-node set to 36 which doesn't match the requested tasks 96 with the number of requested nodes 3. Ignoring --ntasks-per-node.
srun: Warning: can't honor --ntasks-per-node set to 36 which doesn't match the requested tasks 96 with the number of requested nodes 3. Ignoring --ntasks-per-node.
srun: Warning: can't honor --ntasks-per-node set to 36 which doesn't match the requested tasks 96 with the number of requested nodes 3. Ignoring --ntasks-per-node.
srun: Warning: can't honor --ntasks-per-node set to 36 which doesn't match the requested tasks 96 with the number of requested nodes 3. Ignoring --ntasks-per-node.
srun: Job 3663096 step creation temporarily disabled, retrying (Requested nodes are busy)
srun: Step created for job 3663096
srun: Warning: can't honor --ntasks-per-node set to 36 which doesn't match the requested tasks 96 with the number of requested nodes 3. Ignoring --ntasks-per-node.
srun: Warning: can't honor --ntasks-per-node set to 36 which doesn't match the requested tasks 96 with the number of requested nodes 3. Ignoring --ntasks-per-node.
srun: Warning: can't honor --ntasks-per-node set to 36 which doesn't match the requested tasks 96 with the number of requested nodes 3. Ignoring --ntasks-per-node.
srun: Warning: can't honor --ntasks-per-node set to 36 which doesn't match the requested tasks 96 with the number of requested nodes 3. Ignoring --ntasks-per-node.
srun: Job 3663096 step creation temporarily disabled, retrying (Requested nodes are busy)
srun: Step created for job 3663096
srun: Warning: can't honor --ntasks-per-node set to 36 which doesn't match the requested tasks 96 with the number of requested nodes 3. Ignoring --ntasks-per-node.
srun: Job 3663096 step creation temporarily disabled, retrying (Requested nodes are busy)
srun: Step created for job 3663096
srun: Warning: can't honor --ntasks-per-node set to 36 which doesn't match the requested tasks 96 with the number of requested nodes 3. Ignoring --ntasks-per-node.
srun: Job 3663096 step creation temporarily disabled, retrying (Requested nodes are busy)
srun: Step created for job 3663096
srun: Warning: can't honor --ntasks-per-node set to 36 which doesn't match the requested tasks 96 with the number of requested nodes 3. Ignoring --ntasks-per-node.
srun: Warning: can't honor --ntasks-per-node set to 36 which doesn't match the requested tasks 96 with the number of requested nodes 3. Ignoring --ntasks-per-node.
srun: Warning: can't honor --ntasks-per-node set to 36 which doesn't match the requested tasks 96 with the number of requested nodes 3. Ignoring --ntasks-per-node.
srun: Job 3663096 step creation temporarily disabled, retrying (Requested nodes are busy)
srun: Step created for job 3663096
srun: Warning: can't honor --ntasks-per-node set to 36 which doesn't match the requested tasks 96 with the number of requested nodes 3. Ignoring --ntasks-per-node.
srun: Warning: can't honor --ntasks-per-node set to 36 which doesn't match the requested tasks 96 with the number of requested nodes 3. Ignoring --ntasks-per-node.
srun: Warning: can't honor --ntasks-per-node set to 36 which doesn't match the requested tasks 128 with the number of requested nodes 3. Ignoring --ntasks-per-node.
srun: error: Unable to create step for job 3663096: More processors requested than permitted
srun: Warning: can't honor --ntasks-per-node set to 36 which doesn't match the requested tasks 128 with the number of requested nodes 3. Ignoring --ntasks-per-node.
srun: error: Unable to create step for job 3663096: More processors requested than permitted
srun: Warning: can't honor --ntasks-per-node set to 36 which doesn't match the requested tasks 128 with the number of requested nodes 3. Ignoring --ntasks-per-node.
srun: error: Unable to create step for job 3663096: More processors requested than permitted
srun: Warning: can't honor --ntasks-per-node set to 36 which doesn't match the requested tasks 128 with the number of requested nodes 3. Ignoring --ntasks-per-node.
srun: error: Unable to create step for job 3663096: More processors requested than permitted
srun: Warning: can't honor --ntasks-per-node set to 36 which doesn't match the requested tasks 128 with the number of requested nodes 3. Ignoring --ntasks-per-node.
srun: error: Unable to create step for job 3663096: More processors requested than permitted
srun: Warning: can't honor --ntasks-per-node set to 36 which doesn't match the requested tasks 128 with the number of requested nodes 3. Ignoring --ntasks-per-node.
srun: error: Unable to create step for job 3663096: More processors requested than permitted
srun: Warning: can't honor --ntasks-per-node set to 36 which doesn't match the requested tasks 128 with the number of requested nodes 3. Ignoring --ntasks-per-node.
srun: error: Unable to create step for job 3663096: More processors requested than permitted
srun: Warning: can't honor --ntasks-per-node set to 36 which doesn't match the requested tasks 128 with the number of requested nodes 3. Ignoring --ntasks-per-node.
srun: error: Unable to create step for job 3663096: More processors requested than permitted
srun: Warning: can't honor --ntasks-per-node set to 36 which doesn't match the requested tasks 128 with the number of requested nodes 3. Ignoring --ntasks-per-node.
srun: error: Unable to create step for job 3663096: More processors requested than permitted
srun: Warning: can't honor --ntasks-per-node set to 36 which doesn't match the requested tasks 128 with the number of requested nodes 3. Ignoring --ntasks-per-node.
srun: error: Unable to create step for job 3663096: More processors requested than permitted
srun: Warning: can't honor --ntasks-per-node set to 36 which doesn't match the requested tasks 128 with the number of requested nodes 3. Ignoring --ntasks-per-node.
srun: error: Unable to create step for job 3663096: More processors requested than permitted
srun: Warning: can't honor --ntasks-per-node set to 36 which doesn't match the requested tasks 128 with the number of requested nodes 3. Ignoring --ntasks-per-node.
srun: error: Unable to create step for job 3663096: More processors requested than permitted
srun: Warning: can't honor --ntasks-per-node set to 36 which doesn't match the requested tasks 128 with the number of requested nodes 3. Ignoring --ntasks-per-node.
srun: error: Unable to create step for job 3663096: More processors requested than permitted
srun: Warning: can't honor --ntasks-per-node set to 36 which doesn't match the requested tasks 128 with the number of requested nodes 3. Ignoring --ntasks-per-node.
srun: error: Unable to create step for job 3663096: More processors requested than permitted
srun: Warning: can't honor --ntasks-per-node set to 36 which doesn't match the requested tasks 128 with the number of requested nodes 3. Ignoring --ntasks-per-node.
srun: error: Unable to create step for job 3663096: More processors requested than permitted
srun: Warning: can't honor --ntasks-per-node set to 36 which doesn't match the requested tasks 128 with the number of requested nodes 3. Ignoring --ntasks-per-node.
srun: error: Unable to create step for job 3663096: More processors requested than permitted
srun: Warning: can't honor --ntasks-per-node set to 36 which doesn't match the requested tasks 128 with the number of requested nodes 3. Ignoring --ntasks-per-node.
srun: error: Unable to create step for job 3663096: More processors requested than permitted
srun: Warning: can't honor --ntasks-per-node set to 36 which doesn't match the requested tasks 128 with the number of requested nodes 3. Ignoring --ntasks-per-node.
srun: error: Unable to create step for job 3663096: More processors requested than permitted
srun: Warning: can't honor --ntasks-per-node set to 36 which doesn't match the requested tasks 128 with the number of requested nodes 3. Ignoring --ntasks-per-node.
srun: error: Unable to create step for job 3663096: More processors requested than permitted
srun: Warning: can't honor --ntasks-per-node set to 36 which doesn't match the requested tasks 128 with the number of requested nodes 3. Ignoring --ntasks-per-node.
srun: error: Unable to create step for job 3663096: More processors requested than permitted
srun: Warning: can't honor --ntasks-per-node set to 36 which doesn't match the requested tasks 128 with the number of requested nodes 3. Ignoring --ntasks-per-node.
srun: error: Unable to create step for job 3663096: More processors requested than permitted
srun: Warning: can't honor --ntasks-per-node set to 36 which doesn't match the requested tasks 128 with the number of requested nodes 3. Ignoring --ntasks-per-node.
srun: error: Unable to create step for job 3663096: More processors requested than permitted
srun: Warning: can't honor --ntasks-per-node set to 36 which doesn't match the requested tasks 128 with the number of requested nodes 3. Ignoring --ntasks-per-node.
srun: error: Unable to create step for job 3663096: More processors requested than permitted
srun: Warning: can't honor --ntasks-per-node set to 36 which doesn't match the requested tasks 128 with the number of requested nodes 3. Ignoring --ntasks-per-node.
srun: error: Unable to create step for job 3663096: More processors requested than permitted
srun: Job step aborted: Waiting up to 32 seconds for job step to finish.
srun: error: Slurm job 3663096 has expired
srun: Check SLURM_JOB_ID environment variable. Expired or invalid job 3663096
srun: error: Slurm job 3663096 has expired
srun: Check SLURM_JOB_ID environment variable. Expired or invalid job 3663096
srun: error: Slurm job 3663096 has expired
srun: Check SLURM_JOB_ID environment variable. Expired or invalid job 3663096
slurmstepd: error: *** JOB 3663096 ON r1i4n5 CANCELLED AT 2022-11-30T12:17:20 DUE TO TIME LIMIT ***
srun: error: Slurm job 3663096 has expired
srun: Check SLURM_JOB_ID environment variable. Expired or invalid job 3663096
srun: error: Slurm job 3663096 has expired
srun: Check SLURM_JOB_ID environment variable. Expired or invalid job 3663096
srun: error: Slurm job 3663096 has expired
srun: Check SLURM_JOB_ID environment variable. Expired or invalid job 3663096
srun: error: Slurm job 3663096 has expired
srun: Check SLURM_JOB_ID environment variable. Expired or invalid job 3663096
srun: error: Slurm job 3663096 has expired
srun: Check SLURM_JOB_ID environment variable. Expired or invalid job 3663096
srun: error: Slurm job 3663096 has expired
srun: Check SLURM_JOB_ID environment variable. Expired or invalid job 3663096
srun: error: Slurm job 3663096 has expired
srun: Check SLURM_JOB_ID environment variable. Expired or invalid job 3663096
srun: error: Slurm job 3663096 has expired
srun: Check SLURM_JOB_ID environment variable. Expired or invalid job 3663096
srun: error: Slurm job 3663096 has expired
srun: Check SLURM_JOB_ID environment variable. Expired or invalid job 3663096
srun: error: Slurm job 3663096 has expired
srun: Check SLURM_JOB_ID environment variable. Expired or invalid job 3663096
